------------------------------------------------------
Fri, 04 Jan 2013 13:25:51 -0330
---------------------------------------------------------------------
UserID: 0
Page: loginp:error
Message from page: 0 Results were returned.  Expected 1. Email: murielwmoore@hotmail.com 
 end_error

------------------------------------------------------
Wed, 23 Jan 2013 22:32:22 -0330
---------------------------------------------------------------------
UserID: 0
Page: loginp:error
Message from page: 0 Results were returned.  Expected 1. Email: michellegallant05@hotmail.com 
 end_error

------------------------------------------------------
Fri, 25 Jan 2013 22:04:28 -0330
---------------------------------------------------------------------
UserID: 0

------------------------------------------------------
Mon, 04 Feb 2013 20:01:26 -0330
---------------------------------------------------------------------
UserID: 1
editListingID: 1814
editListingID: Classified
Page: delete_listing:success
Message from page: success Update `cbwire`.`listings_b` set `deleted`=1, `modified_date`='2013-02-04 20:01:24', 
                                    `lastmodifiedby`=1 where id=1814;



